TN:
SF:/home/artjomplaunov/repos/ThesisExperiments/loop_abstraction/naive_abstraction_EVA/loop_array/./array-complex-assume.c
FN:8,__VERIFIER_assert
#FN:13
FN:5,assume_abort_if_not
#FN:7
FN:100,main
#FN:121
FN:18,mp_add
#FN:97
FN:3,reach_error
#FN:3
FNDA:1,main
FNDA:1,mp_add
DA:3,0
DA:6,0
DA:119,0
DA:120,0
DA:9,0
DA:12,0
DA:10,0
DA:117,1
DA:20,4
DA:21,4
DA:22,4
DA:23,1
DA:24,1
DA:25,1
DA:26,1
DA:27,2
DA:28,1
DA:29,1
DA:30,1
DA:31,1
DA:32,1
DA:33,1
DA:34,1
DA:35,1
DA:36,1
DA:37,2
DA:46,1
DA:38,1
DA:39,2
DA:40,1
DA:41,2
DA:42,1
DA:47,2
DA:56,1
DA:48,1
DA:49,2
DA:50,1
DA:51,2
DA:52,1
DA:57,1
DA:58,0
DA:59,0
DA:85,0
DA:60,0
DA:61,0
DA:67,0
DA:62,0
DA:63,0
DA:64,0
DA:65,0
DA:73,0
DA:68,0
DA:69,0
DA:70,0
DA:71,0
DA:77,0
DA:74,0
DA:75,0
DA:78,0
DA:79,0
DA:80,0
DA:82,0
DA:86,0
DA:94,0
DA:87,0
DA:88,0
DA:89,0
DA:91,0
DA:96,0
DA:101,3
DA:102,1
DA:103,1
DA:104,1
DA:105,1
DA:106,1
DA:107,3
DA:108,11
DA:115,1
DA:109,1
DA:110,1
DA:111,1
DA:112,2
DA:116,1
end_of_record
