TN:
SF:/home/artjomplaunov/repos/ThesisExperiments/loop_abstraction/naive_abstraction_EVA/loop_gauge/./loop-complex-no-abs.c
FN:8,__VERIFIER_assert
#FN:13
FN:5,assume_abort_if_not
#FN:7
FN:100,main
#FN:133
FN:19,mp_add
#FN:98
FN:3,reach_error
#FN:3
FNDA:1,main
FNDA:5,mp_add
DA:3,0
DA:6,0
DA:128,0
DA:129,0
DA:9,0
DA:12,0
DA:10,0
DA:126,5
DA:21,20
DA:22,20
DA:23,20
DA:24,5
DA:25,5
DA:26,5
DA:27,5
DA:28,10
DA:29,5
DA:30,5
DA:31,5
DA:32,5
DA:33,5
DA:34,5
DA:35,5
DA:36,5
DA:37,5
DA:38,10
DA:47,5
DA:39,5
DA:40,10
DA:41,5
DA:42,10
DA:43,5
DA:48,10
DA:57,5
DA:49,5
DA:50,10
DA:51,5
DA:52,10
DA:53,5
DA:58,5
DA:59,13
DA:60,2
DA:86,0
DA:61,2
DA:62,4
DA:68,4
DA:63,6
DA:64,6
DA:65,6
DA:66,6
DA:74,4
DA:69,6
DA:70,6
DA:71,6
DA:72,6
DA:78,6
DA:75,2
DA:76,2
DA:79,6
DA:80,6
DA:81,6
DA:83,2
DA:87,0
DA:95,0
DA:88,0
DA:89,0
DA:90,0
DA:92,0
DA:97,0
DA:101,2
DA:102,7
DA:103,1
DA:104,1
DA:105,1
DA:106,2
DA:107,7
DA:109,3
DA:111,11
DA:114,4
DA:124,5
DA:115,4
DA:116,8
DA:121,4
DA:117,4
DA:119,4
DA:125,5
end_of_record
