TN:
SF:/home/artjomplaunov/repos/ThesisExperiments/loop_abstraction/naive_abstraction_EVA/loop_array/./array-complex-no-abs.c
FN:8,__VERIFIER_assert
#FN:13
FN:5,assume_abort_if_not
#FN:7
FN:100,main
#FN:121
FN:18,mp_add
#FN:97
FN:3,reach_error
#FN:3
FNDA:1,main
FNDA:7,mp_add
FNDA:3,__VERIFIER_assert
DA:3,0
DA:6,0
DA:119,4
DA:120,1
DA:9,6
DA:12,2
DA:10,1
DA:117,9
DA:20,28
DA:21,28
DA:22,28
DA:23,7
DA:24,7
DA:25,7
DA:26,7
DA:27,14
DA:28,7
DA:29,7
DA:30,7
DA:31,7
DA:32,7
DA:33,7
DA:34,7
DA:35,7
DA:36,7
DA:37,14
DA:46,7
DA:38,7
DA:39,14
DA:40,7
DA:41,14
DA:42,7
DA:47,14
DA:56,7
DA:48,7
DA:49,14
DA:50,7
DA:51,14
DA:52,7
DA:57,7
DA:58,37
DA:59,6
DA:85,6
DA:60,6
DA:61,12
DA:67,12
DA:62,18
DA:63,18
DA:64,18
DA:65,18
DA:73,12
DA:68,18
DA:69,18
DA:70,18
DA:71,18
DA:77,18
DA:74,6
DA:75,6
DA:78,18
DA:79,18
DA:80,18
DA:82,6
DA:86,6
DA:94,2
DA:87,6
DA:88,6
DA:89,6
DA:91,2
DA:96,2
DA:101,3
DA:102,1
DA:103,1
DA:104,1
DA:105,1
DA:106,1
DA:107,15
DA:109,6
DA:115,7
DA:110,6
DA:111,6
DA:116,7
end_of_record
